Arguments: 
  /Users/arya/.nvm/versions/node/v11.0.0/bin/node /usr/local/Cellar/yarn/1.22.10/libexec/bin/yarn.js start

PATH: 
  /Users/arya/.nvm/versions/node/v11.0.0/bin:/Library/Frameworks/Python.framework/Versions/3.7/bin:/usr/local/bin:/usr/bin:/bin:/usr/sbin:/sbin:/usr/local/MacGPG2/bin:/usr/local/share/dotnet:~/.dotnet/tools:/Library/Apple/usr/bin:/Users/arya/.nvm/versions/node/v11.0.0/bin:/Library/Frameworks/Python.framework/Versions/3.7/bin

Yarn version: 
  1.22.10

Node version: 
  15.4.0

Platform: 
  darwin x64

Trace: 
  SyntaxError: /Users/arya/Downloads/comp9447/package.json: Unexpected token < in JSON at position 367
      at JSON.parse (<anonymous>)
      at /usr/local/Cellar/yarn/1.22.10/libexec/lib/cli.js:1625:59
      at Generator.next (<anonymous>)
      at step (/usr/local/Cellar/yarn/1.22.10/libexec/lib/cli.js:310:30)
      at /usr/local/Cellar/yarn/1.22.10/libexec/lib/cli.js:321:13

npm manifest: 
  {
    "name": "art-comp9447",
    "version": "1.0.0",
    "scripts": {
      "start": "run-p start:*",
      "start:frontend": "cd frontend && npm start",
      "start:backend": "cd backend && npm start",
      "postinstall": "(cd art-aws-sdk && npm install); (cd backend && npm install); (cd frontend && npm install);"
    },
    "author": "",
    "license": "ISC",
    "dependencies": {
  <<<<<<< HEAD
      "npm-run-all": "^4.1.5",
      "react-fitted-image": "^1.0.1",
      "react-fitted-img": "^2.0.0"
  =======
      "@slack/interactive-messages": "^2.0.1",
      "ngrok": "^3.4.1",
      "npm-run-all": "^4.1.5"
  >>>>>>> dbcd754f7f8924072e60e435082e26dc20d0131e
    }
  }

yarn manifest: 
  No manifest

Lockfile: 
  No lockfile
